2026-02-28 22:16:23,464 [INFO] ============================================================
2026-02-28 22:16:23,464 [INFO] UDP数据接收验证程序启动
2026-02-28 22:16:23,464 [INFO] ============================================================
2026-02-28 22:16:23,465 [INFO] UDP Port: 32896
2026-02-28 22:16:23,465 [INFO] Image: 640x480
2026-02-28 22:16:23,465 [INFO] Image Packets: 640
2026-02-28 22:16:23,475 [INFO] ------------------------------------------------------------
2026-02-28 22:16:23,475 [INFO] UDP接收器已启动 (端口 32896)
2026-02-28 22:16:23,476 [INFO] 等待FPGA数据...
2026-02-28 22:16:23,476 [INFO] ------------------------------------------------------------
2026-02-28 22:16:46,839 [INFO] 
============================================================
2026-02-28 22:16:46,840 [INFO] 接收器已停止 (用户中断)
2026-02-28 22:16:46,840 [INFO] ============================================================
2026-02-28 22:16:46,840 [INFO] [最终统计]
2026-02-28 22:16:46,841 [INFO]   总帧数: 0
2026-02-28 22:16:46,841 [INFO]   总包数: 0
2026-02-28 22:16:46,841 [INFO]   总字节数: 0.00 MB
2026-02-28 22:16:46,842 [INFO]   运行时长: 23.4 秒
2026-02-28 22:16:46,842 [INFO]   平均吞吐量: 0.00 Mbps
2026-02-28 22:16:46,842 [INFO]   平均包率: 0.0 pps
2026-02-28 22:16:46,843 [INFO]   总丢包数: 0
2026-02-28 22:16:46,843 [INFO]   丢包率: 0.00%
2026-02-28 22:16:46,843 [INFO]   日志文件: udp_verify_20260228_221623.log
2026-02-28 22:16:46,843 [INFO] ============================================================
